c:\users\administrator\documents\visual studio 2015\projects\employee_access\x64\debug\appdll1.lib
c:\users\administrator\documents\visual studio 2015\projects\employee_access\x64\debug\appdll1.exp
c:\users\administrator\documents\visual studio 2015\projects\app1\appdll1\x64\debug\appdll1.pch
c:\users\administrator\documents\visual studio 2015\projects\app1\appdll1\x64\debug\vc140.pdb
c:\users\administrator\documents\visual studio 2015\projects\app1\appdll1\x64\debug\vc140.idb
c:\users\administrator\documents\visual studio 2015\projects\app1\appdll1\x64\debug\stdafx.obj
c:\users\administrator\documents\visual studio 2015\projects\app1\appdll1\x64\debug\appdll1.obj
c:\users\administrator\documents\visual studio 2015\projects\app1\appdll1\x64\debug\basetest.obj
c:\users\administrator\documents\visual studio 2015\projects\app1\appdll1\x64\debug\employee.obj
c:\users\administrator\documents\visual studio 2015\projects\app1\appdll1\x64\debug\userdata.obj
c:\users\administrator\documents\visual studio 2015\projects\app1\appdll1\x64\debug\dllmain.obj
c:\users\administrator\documents\visual studio 2015\projects\employee_access\x64\debug\appdll1.ilk
c:\users\administrator\documents\visual studio 2015\projects\employee_access\x64\debug\appdll1.dll
c:\users\administrator\documents\visual studio 2015\projects\employee_access\x64\debug\appdll1.pdb
c:\users\administrator\documents\visual studio 2015\projects\app1\appdll1\x64\debug\appdll1.tlog\appdll1.write.1u.tlog
c:\users\administrator\documents\visual studio 2015\projects\app1\appdll1\x64\debug\appdll1.tlog\cl.command.1.tlog
c:\users\administrator\documents\visual studio 2015\projects\app1\appdll1\x64\debug\appdll1.tlog\cl.read.1.tlog
c:\users\administrator\documents\visual studio 2015\projects\app1\appdll1\x64\debug\appdll1.tlog\cl.write.1.tlog
c:\users\administrator\documents\visual studio 2015\projects\app1\appdll1\x64\debug\appdll1.tlog\link.command.1.tlog
c:\users\administrator\documents\visual studio 2015\projects\app1\appdll1\x64\debug\appdll1.tlog\link.read.1.tlog
c:\users\administrator\documents\visual studio 2015\projects\app1\appdll1\x64\debug\appdll1.tlog\link.write.1.tlog
