  app1.cpp
c:\users\administrator\documents\visual studio 2015\projects\app1\appdll1\employee.h(62): warning C4251: “Worker::name”: class“std::basic_string<char,std::char_traits<char>,std::allocator<char>>”需要有 dll 接口由 class“Worker”的客户端使用
  c:\program files (x86)\microsoft visual studio 14.0\vc\include\xstring(2633): note: 参见“std::basic_string<char,std::char_traits<char>,std::allocator<char>>”的声明
c:\users\administrator\documents\visual studio 2015\projects\app1\appdll1\employee.h(63): warning C4251: “Worker::passwrd”: class“std::basic_string<char,std::char_traits<char>,std::allocator<char>>”需要有 dll 接口由 class“Worker”的客户端使用
  c:\program files (x86)\microsoft visual studio 14.0\vc\include\xstring(2633): note: 参见“std::basic_string<char,std::char_traits<char>,std::allocator<char>>”的声明
c:\users\administrator\documents\visual studio 2015\projects\app1\appdll1\employee.h(64): warning C4251: “Worker::ea”: class“std::vector<std::string,std::allocator<_Ty>>”需要有 dll 接口由 class“Worker”的客户端使用
          with
          [
              _Ty=std::string
          ]
  c:\users\administrator\documents\visual studio 2015\projects\app1\appdll1\employee.h(12): note: 参见“std::vector<std::string,std::allocator<_Ty>>”的声明
          with
          [
              _Ty=std::string
          ]
c:\users\administrator\documents\visual studio 2015\projects\app1\appdll1\employee.h(65): warning C4251: “Worker::ed”: class“std::vector<std::string,std::allocator<_Ty>>”需要有 dll 接口由 class“Worker”的客户端使用
          with
          [
              _Ty=std::string
          ]
  c:\users\administrator\documents\visual studio 2015\projects\app1\appdll1\employee.h(12): note: 参见“std::vector<std::string,std::allocator<_Ty>>”的声明
          with
          [
              _Ty=std::string
          ]
c:\users\administrator\documents\visual studio 2015\projects\app1\appdll1\employee.h(177): warning C4251: “Admin::employees”: class“std::vector<Worker *,std::allocator<_Ty>>”需要有 dll 接口由 class“Admin”的客户端使用
          with
          [
              _Ty=Worker *
          ]
  c:\users\administrator\documents\visual studio 2015\projects\app1\appdll1\employee.h(177): note: 参见“std::vector<Worker *,std::allocator<_Ty>>”的声明
          with
          [
              _Ty=Worker *
          ]
c:\users\administrator\documents\visual studio 2015\projects\app1\appdll1\employee.h(182): warning C4251: “Admin::name”: class“std::basic_string<char,std::char_traits<char>,std::allocator<char>>”需要有 dll 接口由 class“Admin”的客户端使用
  c:\program files (x86)\microsoft visual studio 14.0\vc\include\xstring(2633): note: 参见“std::basic_string<char,std::char_traits<char>,std::allocator<char>>”的声明
c:\users\administrator\documents\visual studio 2015\projects\app1\appdll1\employee.h(183): warning C4251: “Admin::passw”: class“std::basic_string<char,std::char_traits<char>,std::allocator<char>>”需要有 dll 接口由 class“Admin”的客户端使用
  c:\program files (x86)\microsoft visual studio 14.0\vc\include\xstring(2633): note: 参见“std::basic_string<char,std::char_traits<char>,std::allocator<char>>”的声明
c:\users\administrator\documents\visual studio 2015\projects\app1\appdll1\employee.h(184): warning C4251: “Admin::workerW”: class“std::vector<std::string,std::allocator<_Ty>>”需要有 dll 接口由 class“Admin”的客户端使用
          with
          [
              _Ty=std::string
          ]
  c:\users\administrator\documents\visual studio 2015\projects\app1\appdll1\employee.h(12): note: 参见“std::vector<std::string,std::allocator<_Ty>>”的声明
          with
          [
              _Ty=std::string
          ]
c:\users\administrator\documents\visual studio 2015\projects\app1\appdll1\employee.h(185): warning C4251: “Admin::chiefW”: class“std::vector<std::string,std::allocator<_Ty>>”需要有 dll 接口由 class“Admin”的客户端使用
          with
          [
              _Ty=std::string
          ]
  c:\users\administrator\documents\visual studio 2015\projects\app1\appdll1\employee.h(12): note: 参见“std::vector<std::string,std::allocator<_Ty>>”的声明
          with
          [
              _Ty=std::string
          ]
c:\users\administrator\documents\visual studio 2015\projects\app1\appdll1\employee.h(186): warning C4251: “Admin::managerW”: class“std::vector<std::string,std::allocator<_Ty>>”需要有 dll 接口由 class“Admin”的客户端使用
          with
          [
              _Ty=std::string
          ]
  c:\users\administrator\documents\visual studio 2015\projects\app1\appdll1\employee.h(12): note: 参见“std::vector<std::string,std::allocator<_Ty>>”的声明
          with
          [
              _Ty=std::string
          ]
c:\users\administrator\documents\visual studio 2015\projects\app1\appdll1\employee.h(161): error C2061: 语法错误: 标识符“txtReader”
c:\users\administrator\documents\visual studio 2015\projects\app1\appdll1\employee.h(167): error C2061: 语法错误: 标识符“dbReader”
c:\users\administrator\documents\visual studio 2015\projects\app1\app1\app1.cpp(17): error C2027: 使用了未定义类型“DataReader”
  c:\users\administrator\documents\visual studio 2015\projects\app1\appdll1\employee.h(6): note: 参见“DataReader”的声明
c:\users\administrator\documents\visual studio 2015\projects\app1\app1\app1.cpp(17): error C2227: “->Admin_add”的左边必须指向类/结构/联合/泛型类型
